{"C:\\Users\\Pinky Pamecha\\OneDrive\\Desktop\\qoura unicode\\server.js": {"path":"C:\\Users\\Pinky Pamecha\\OneDrive\\Desktop\\qoura unicode\\server.js","statementMap":{"0":{"start":{"line":10,"column":0},"end":{"line":10,"column":16}},"1":{"start":{"line":12,"column":0},"end":{"line":12,"column":12}},"2":{"start":{"line":14,"column":12},"end":{"line":14,"column":21}},"3":{"start":{"line":15,"column":13},"end":{"line":15,"column":37}},"4":{"start":{"line":16,"column":12},"end":{"line":16,"column":35}},"5":{"start":{"line":19,"column":0},"end":{"line":19,"column":24}},"6":{"start":{"line":20,"column":0},"end":{"line":20,"column":49}},"7":{"start":{"line":21,"column":0},"end":{"line":21,"column":45}},"8":{"start":{"line":22,"column":0},"end":{"line":22,"column":16}},"9":{"start":{"line":23,"column":0},"end":{"line":23,"column":28}},"10":{"start":{"line":25,"column":0},"end":{"line":25,"column":29}},"11":{"start":{"line":26,"column":0},"end":{"line":26,"column":33}},"12":{"start":{"line":27,"column":0},"end":{"line":27,"column":37}},"13":{"start":{"line":29,"column":0},"end":{"line":32,"column":2}},"14":{"start":{"line":30,"column":4},"end":{"line":30,"column":62}},"15":{"start":{"line":31,"column":4},"end":{"line":31,"column":50}},"16":{"start":{"line":34,"column":0},"end":{"line":36,"column":3}},"17":{"start":{"line":35,"column":4},"end":{"line":35,"column":46}},"18":{"start":{"line":38,"column":15},"end":{"line":40,"column":2}},"19":{"start":{"line":39,"column":4},"end":{"line":39,"column":53}}},"fnMap":{"0":{"name":"(anonymous_0)","decl":{"start":{"line":29,"column":8},"end":{"line":29,"column":9}},"loc":{"start":{"line":29,"column":30},"end":{"line":32,"column":1}},"line":29},"1":{"name":"(anonymous_1)","decl":{"start":{"line":34,"column":12},"end":{"line":34,"column":13}},"loc":{"start":{"line":34,"column":23},"end":{"line":36,"column":1}},"line":34},"2":{"name":"(anonymous_2)","decl":{"start":{"line":38,"column":31},"end":{"line":38,"column":32}},"loc":{"start":{"line":38,"column":35},"end":{"line":40,"column":1}},"line":38}},"branchMap":{"0":{"loc":{"start":{"line":15,"column":13},"end":{"line":15,"column":37}},"type":"binary-expr","locations":[{"start":{"line":15,"column":13},"end":{"line":15,"column":29}},{"start":{"line":15,"column":33},"end":{"line":15,"column":37}}],"line":15}},"s":{"0":1,"1":1,"2":1,"3":1,"4":1,"5":1,"6":1,"7":1,"8":1,"9":1,"10":1,"11":1,"12":1,"13":1,"14":0,"15":0,"16":1,"17":0,"18":1,"19":1},"f":{"0":0,"1":0,"2":1},"b":{"0":[1,0]},"_coverageSchema":"1a1c01bbd47fc00a2c39e90264f33305004495a9","hash":"6d849101c00d709087ef44cd16b7b1f854f7d084"}
,"C:\\Users\\Pinky Pamecha\\OneDrive\\Desktop\\qoura unicode\\config\\dbConnection.js": {"path":"C:\\Users\\Pinky Pamecha\\OneDrive\\Desktop\\qoura unicode\\config\\dbConnection.js","statementMap":{"0":{"start":{"line":3,"column":18},"end":{"line":12,"column":1}},"1":{"start":{"line":4,"column":4},"end":{"line":11,"column":5}},"2":{"start":{"line":5,"column":25},"end":{"line":5,"column":72}},"3":{"start":{"line":6,"column":8},"end":{"line":6,"column":91}},"4":{"start":{"line":9,"column":8},"end":{"line":9,"column":25}},"5":{"start":{"line":10,"column":8},"end":{"line":10,"column":24}}},"fnMap":{"0":{"name":"(anonymous_0)","decl":{"start":{"line":3,"column":18},"end":{"line":3,"column":19}},"loc":{"start":{"line":3,"column":27},"end":{"line":12,"column":1}},"line":3}},"branchMap":{},"s":{"0":1,"1":2,"2":2,"3":2,"4":0,"5":0},"f":{"0":2},"b":{},"_coverageSchema":"1a1c01bbd47fc00a2c39e90264f33305004495a9","hash":"0bb3a53f3f5c38c0845af297fc479d46335a986e"}
,"C:\\Users\\Pinky Pamecha\\OneDrive\\Desktop\\qoura unicode\\controllers\\answerControllers.js": {"path":"C:\\Users\\Pinky Pamecha\\OneDrive\\Desktop\\qoura unicode\\controllers\\answerControllers.js","statementMap":{"0":{"start":{"line":6,"column":0},"end":{"line":6,"column":16}},"1":{"start":{"line":8,"column":13},"end":{"line":8,"column":30}},"2":{"start":{"line":10,"column":17},"end":{"line":51,"column":1}},"3":{"start":{"line":11,"column":4},"end":{"line":50,"column":5}},"4":{"start":{"line":12,"column":36},"end":{"line":12,"column":44}},"5":{"start":{"line":13,"column":19},"end":{"line":13,"column":29}},"6":{"start":{"line":14,"column":18},"end":{"line":14,"column":27}},"7":{"start":{"line":15,"column":4},"end":{"line":17,"column":5}},"8":{"start":{"line":16,"column":6},"end":{"line":16,"column":65}},"9":{"start":{"line":18,"column":4},"end":{"line":46,"column":3}},"10":{"start":{"line":19,"column":18},"end":{"line":19,"column":75}},"11":{"start":{"line":20,"column":20},"end":{"line":20,"column":45}},"12":{"start":{"line":21,"column":6},"end":{"line":21,"column":23}},"13":{"start":{"line":22,"column":6},"end":{"line":22,"column":77}},"14":{"start":{"line":23,"column":6},"end":{"line":23,"column":47}},"15":{"start":{"line":24,"column":6},"end":{"line":24,"column":39}},"16":{"start":{"line":26,"column":22},"end":{"line":26,"column":24}},"17":{"start":{"line":27,"column":18},"end":{"line":27,"column":43}},"18":{"start":{"line":28,"column":4},"end":{"line":35,"column":6}},"19":{"start":{"line":30,"column":23},"end":{"line":32,"column":10}},"20":{"start":{"line":33,"column":8},"end":{"line":33,"column":78}},"21":{"start":{"line":36,"column":19},"end":{"line":41,"column":6}},"22":{"start":{"line":42,"column":4},"end":{"line":42,"column":24}},"23":{"start":{"line":43,"column":4},"end":{"line":43,"column":75}},"24":{"start":{"line":44,"column":6},"end":{"line":44,"column":47}},"25":{"start":{"line":45,"column":6},"end":{"line":45,"column":39}},"26":{"start":{"line":48,"column":8},"end":{"line":48,"column":27}},"27":{"start":{"line":49,"column":8},"end":{"line":49,"column":22}},"28":{"start":{"line":53,"column":16},"end":{"line":62,"column":1}},"29":{"start":{"line":54,"column":4},"end":{"line":61,"column":5}},"30":{"start":{"line":55,"column":21},"end":{"line":55,"column":31}},"31":{"start":{"line":56,"column":24},"end":{"line":56,"column":54}},"32":{"start":{"line":57,"column":8},"end":{"line":57,"column":26}},"33":{"start":{"line":59,"column":8},"end":{"line":59,"column":29}},"34":{"start":{"line":60,"column":8},"end":{"line":60,"column":24}},"35":{"start":{"line":64,"column":21},"end":{"line":82,"column":1}},"36":{"start":{"line":65,"column":4},"end":{"line":80,"column":5}},"37":{"start":{"line":66,"column":37},"end":{"line":66,"column":45}},"38":{"start":{"line":67,"column":29},"end":{"line":67,"column":60}},"39":{"start":{"line":68,"column":8},"end":{"line":76,"column":9}},"40":{"start":{"line":70,"column":12},"end":{"line":70,"column":43}},"41":{"start":{"line":71,"column":12},"end":{"line":71,"column":38}},"42":{"start":{"line":72,"column":12},"end":{"line":72,"column":48}},"43":{"start":{"line":75,"column":12},"end":{"line":75,"column":72}},"44":{"start":{"line":79,"column":8},"end":{"line":79,"column":36}},"45":{"start":{"line":84,"column":21},"end":{"line":102,"column":1}},"46":{"start":{"line":85,"column":4},"end":{"line":101,"column":5}},"47":{"start":{"line":86,"column":28},"end":{"line":86,"column":36}},"48":{"start":{"line":87,"column":18},"end":{"line":87,"column":49}},"49":{"start":{"line":88,"column":8},"end":{"line":98,"column":5}},"50":{"start":{"line":89,"column":9},"end":{"line":89,"column":40}},"51":{"start":{"line":91,"column":8},"end":{"line":96,"column":9}},"52":{"start":{"line":92,"column":8},"end":{"line":92,"column":49}},"53":{"start":{"line":93,"column":8},"end":{"line":93,"column":47}},"54":{"start":{"line":95,"column":12},"end":{"line":95,"column":55}},"55":{"start":{"line":100,"column":8},"end":{"line":100,"column":36}},"56":{"start":{"line":105,"column":21},"end":{"line":130,"column":3}},"57":{"start":{"line":106,"column":25},"end":{"line":106,"column":33}},"58":{"start":{"line":107,"column":19},"end":{"line":107,"column":29}},"59":{"start":{"line":108,"column":4},"end":{"line":129,"column":5}},"60":{"start":{"line":109,"column":23},"end":{"line":109,"column":54}},"61":{"start":{"line":110,"column":6},"end":{"line":112,"column":7}},"62":{"start":{"line":111,"column":8},"end":{"line":111,"column":69}},"63":{"start":{"line":114,"column":25},"end":{"line":114,"column":58}},"64":{"start":{"line":116,"column":6},"end":{"line":122,"column":7}},"65":{"start":{"line":117,"column":8},"end":{"line":117,"column":83}},"66":{"start":{"line":117,"column":57},"end":{"line":117,"column":81}},"67":{"start":{"line":119,"column":8},"end":{"line":119,"column":38}},"68":{"start":{"line":121,"column":8},"end":{"line":121,"column":87}},"69":{"start":{"line":121,"column":61},"end":{"line":121,"column":85}},"70":{"start":{"line":124,"column":6},"end":{"line":124,"column":28}},"71":{"start":{"line":125,"column":6},"end":{"line":125,"column":37}},"72":{"start":{"line":126,"column":6},"end":{"line":126,"column":66}},"73":{"start":{"line":128,"column":6},"end":{"line":128,"column":55}},"74":{"start":{"line":133,"column":25},"end":{"line":157,"column":3}},"75":{"start":{"line":134,"column":25},"end":{"line":134,"column":33}},"76":{"start":{"line":135,"column":19},"end":{"line":135,"column":29}},"77":{"start":{"line":136,"column":4},"end":{"line":156,"column":5}},"78":{"start":{"line":137,"column":22},"end":{"line":137,"column":53}},"79":{"start":{"line":139,"column":6},"end":{"line":141,"column":7}},"80":{"start":{"line":140,"column":8},"end":{"line":140,"column":69}},"81":{"start":{"line":144,"column":27},"end":{"line":144,"column":61}},"82":{"start":{"line":145,"column":6},"end":{"line":150,"column":7}},"83":{"start":{"line":146,"column":8},"end":{"line":146,"column":85}},"84":{"start":{"line":146,"column":59},"end":{"line":146,"column":83}},"85":{"start":{"line":148,"column":8},"end":{"line":148,"column":39}},"86":{"start":{"line":149,"column":8},"end":{"line":149,"column":81}},"87":{"start":{"line":149,"column":55},"end":{"line":149,"column":79}},"88":{"start":{"line":152,"column":5},"end":{"line":152,"column":26}},"89":{"start":{"line":153,"column":6},"end":{"line":153,"column":36}},"90":{"start":{"line":155,"column":6},"end":{"line":155,"column":55}}},"fnMap":{"0":{"name":"(anonymous_0)","decl":{"start":{"line":10,"column":17},"end":{"line":10,"column":18}},"loc":{"start":{"line":10,"column":37},"end":{"line":51,"column":1}},"line":10},"1":{"name":"(anonymous_1)","decl":{"start":{"line":29,"column":16},"end":{"line":29,"column":17}},"loc":{"start":{"line":29,"column":32},"end":{"line":34,"column":7}},"line":29},"2":{"name":"(anonymous_2)","decl":{"start":{"line":53,"column":16},"end":{"line":53,"column":17}},"loc":{"start":{"line":53,"column":36},"end":{"line":62,"column":1}},"line":53},"3":{"name":"(anonymous_3)","decl":{"start":{"line":64,"column":21},"end":{"line":64,"column":22}},"loc":{"start":{"line":64,"column":37},"end":{"line":82,"column":1}},"line":64},"4":{"name":"(anonymous_4)","decl":{"start":{"line":84,"column":21},"end":{"line":84,"column":22}},"loc":{"start":{"line":84,"column":37},"end":{"line":102,"column":1}},"line":84},"5":{"name":"(anonymous_5)","decl":{"start":{"line":105,"column":21},"end":{"line":105,"column":22}},"loc":{"start":{"line":105,"column":41},"end":{"line":130,"column":3}},"line":105},"6":{"name":"(anonymous_6)","decl":{"start":{"line":117,"column":51},"end":{"line":117,"column":52}},"loc":{"start":{"line":117,"column":57},"end":{"line":117,"column":81}},"line":117},"7":{"name":"(anonymous_7)","decl":{"start":{"line":121,"column":55},"end":{"line":121,"column":56}},"loc":{"start":{"line":121,"column":61},"end":{"line":121,"column":85}},"line":121},"8":{"name":"(anonymous_8)","decl":{"start":{"line":133,"column":25},"end":{"line":133,"column":26}},"loc":{"start":{"line":133,"column":45},"end":{"line":157,"column":3}},"line":133},"9":{"name":"(anonymous_9)","decl":{"start":{"line":146,"column":53},"end":{"line":146,"column":54}},"loc":{"start":{"line":146,"column":59},"end":{"line":146,"column":83}},"line":146},"10":{"name":"(anonymous_10)","decl":{"start":{"line":149,"column":49},"end":{"line":149,"column":50}},"loc":{"start":{"line":149,"column":55},"end":{"line":149,"column":79}},"line":149}},"branchMap":{"0":{"loc":{"start":{"line":15,"column":4},"end":{"line":17,"column":5}},"type":"if","locations":[{"start":{"line":15,"column":4},"end":{"line":17,"column":5}},{"start":{},"end":{}}],"line":15},"1":{"loc":{"start":{"line":15,"column":7},"end":{"line":15,"column":30}},"type":"binary-expr","locations":[{"start":{"line":15,"column":7},"end":{"line":15,"column":15}},{"start":{"line":15,"column":19},"end":{"line":15,"column":30}}],"line":15},"2":{"loc":{"start":{"line":18,"column":4},"end":{"line":46,"column":3}},"type":"if","locations":[{"start":{"line":18,"column":4},"end":{"line":46,"column":3}},{"start":{"line":25,"column":6},"end":{"line":46,"column":3}}],"line":18},"3":{"loc":{"start":{"line":68,"column":8},"end":{"line":76,"column":9}},"type":"if","locations":[{"start":{"line":68,"column":8},"end":{"line":76,"column":9}},{"start":{"line":74,"column":12},"end":{"line":76,"column":9}}],"line":68},"4":{"loc":{"start":{"line":88,"column":8},"end":{"line":98,"column":5}},"type":"if","locations":[{"start":{"line":88,"column":8},"end":{"line":98,"column":5}},{"start":{"line":90,"column":12},"end":{"line":98,"column":5}}],"line":88},"5":{"loc":{"start":{"line":91,"column":8},"end":{"line":96,"column":9}},"type":"if","locations":[{"start":{"line":91,"column":8},"end":{"line":96,"column":9}},{"start":{"line":94,"column":12},"end":{"line":96,"column":9}}],"line":91},"6":{"loc":{"start":{"line":110,"column":6},"end":{"line":112,"column":7}},"type":"if","locations":[{"start":{"line":110,"column":6},"end":{"line":112,"column":7}},{"start":{},"end":{}}],"line":110},"7":{"loc":{"start":{"line":116,"column":6},"end":{"line":122,"column":7}},"type":"if","locations":[{"start":{"line":116,"column":6},"end":{"line":122,"column":7}},{"start":{"line":118,"column":13},"end":{"line":122,"column":7}}],"line":116},"8":{"loc":{"start":{"line":139,"column":6},"end":{"line":141,"column":7}},"type":"if","locations":[{"start":{"line":139,"column":6},"end":{"line":141,"column":7}},{"start":{},"end":{}}],"line":139},"9":{"loc":{"start":{"line":145,"column":6},"end":{"line":150,"column":7}},"type":"if","locations":[{"start":{"line":145,"column":6},"end":{"line":150,"column":7}},{"start":{"line":147,"column":13},"end":{"line":150,"column":7}}],"line":145}},"s":{"0":1,"1":1,"2":1,"3":1,"4":1,"5":1,"6":1,"7":1,"8":0,"9":1,"10":1,"11":1,"12":1,"13":1,"14":1,"15":1,"16":0,"17":0,"18":0,"19":0,"20":0,"21":0,"22":0,"23":0,"24":0,"25":0,"26":0,"27":0,"28":1,"29":1,"30":1,"31":1,"32":1,"33":0,"34":0,"35":1,"36":1,"37":1,"38":1,"39":1,"40":1,"41":1,"42":1,"43":0,"44":0,"45":1,"46":0,"47":0,"48":0,"49":0,"50":0,"51":0,"52":0,"53":0,"54":0,"55":0,"56":1,"57":1,"58":1,"59":1,"60":1,"61":1,"62":0,"63":1,"64":1,"65":0,"66":0,"67":1,"68":1,"69":0,"70":1,"71":1,"72":1,"73":0,"74":1,"75":1,"76":1,"77":1,"78":1,"79":1,"80":0,"81":1,"82":1,"83":0,"84":0,"85":1,"86":1,"87":1,"88":1,"89":1,"90":0},"f":{"0":1,"1":0,"2":1,"3":1,"4":0,"5":1,"6":0,"7":0,"8":1,"9":0,"10":1},"b":{"0":[0,1],"1":[1,1],"2":[1,0],"3":[1,0],"4":[0,0],"5":[0,0],"6":[0,1],"7":[0,1],"8":[0,1],"9":[0,1]},"_coverageSchema":"1a1c01bbd47fc00a2c39e90264f33305004495a9","hash":"3c58144b8e5ada85264a2abacf0fe8b30894b914"}
,"C:\\Users\\Pinky Pamecha\\OneDrive\\Desktop\\qoura unicode\\controllers\\questionControllers.js": {"path":"C:\\Users\\Pinky Pamecha\\OneDrive\\Desktop\\qoura unicode\\controllers\\questionControllers.js","statementMap":{"0":{"start":{"line":4,"column":20},"end":{"line":28,"column":3}},"1":{"start":{"line":5,"column":4},"end":{"line":27,"column":5}},"2":{"start":{"line":6,"column":21},"end":{"line":6,"column":31}},"3":{"start":{"line":7,"column":42},"end":{"line":7,"column":50}},"4":{"start":{"line":8,"column":6},"end":{"line":10,"column":7}},"5":{"start":{"line":9,"column":8},"end":{"line":9,"column":67}},"6":{"start":{"line":11,"column":6},"end":{"line":23,"column":7}},"7":{"start":{"line":12,"column":30},"end":{"line":12,"column":84}},"8":{"start":{"line":13,"column":8},"end":{"line":13,"column":35}},"9":{"start":{"line":14,"column":8},"end":{"line":14,"column":51}},"10":{"start":{"line":18,"column":21},"end":{"line":18,"column":68}},"11":{"start":{"line":19,"column":6},"end":{"line":19,"column":26}},"12":{"start":{"line":20,"column":28},"end":{"line":20,"column":105}},"13":{"start":{"line":21,"column":6},"end":{"line":21,"column":33}},"14":{"start":{"line":22,"column":6},"end":{"line":22,"column":49}},"15":{"start":{"line":25,"column":6},"end":{"line":25,"column":27}},"16":{"start":{"line":26,"column":6},"end":{"line":26,"column":69}},"17":{"start":{"line":29,"column":25},"end":{"line":46,"column":3}},"18":{"start":{"line":30,"column":4},"end":{"line":45,"column":5}},"19":{"start":{"line":31,"column":52},"end":{"line":31,"column":60}},"20":{"start":{"line":32,"column":24},"end":{"line":32,"column":59}},"21":{"start":{"line":33,"column":6},"end":{"line":35,"column":7}},"22":{"start":{"line":34,"column":8},"end":{"line":34,"column":69}},"23":{"start":{"line":36,"column":6},"end":{"line":37,"column":46}},"24":{"start":{"line":37,"column":7},"end":{"line":37,"column":45}},"25":{"start":{"line":38,"column":6},"end":{"line":39,"column":38}},"26":{"start":{"line":39,"column":7},"end":{"line":39,"column":37}},"27":{"start":{"line":40,"column":6},"end":{"line":40,"column":29}},"28":{"start":{"line":41,"column":6},"end":{"line":41,"column":38}},"29":{"start":{"line":43,"column":6},"end":{"line":43,"column":27}},"30":{"start":{"line":44,"column":6},"end":{"line":44,"column":71}},"31":{"start":{"line":48,"column":25},"end":{"line":61,"column":3}},"32":{"start":{"line":49,"column":4},"end":{"line":60,"column":5}},"33":{"start":{"line":50,"column":29},"end":{"line":50,"column":37}},"34":{"start":{"line":51,"column":24},"end":{"line":51,"column":59}},"35":{"start":{"line":52,"column":6},"end":{"line":54,"column":7}},"36":{"start":{"line":53,"column":8},"end":{"line":53,"column":69}},"37":{"start":{"line":55,"column":6},"end":{"line":55,"column":51}},"38":{"start":{"line":56,"column":6},"end":{"line":56,"column":48}},"39":{"start":{"line":58,"column":6},"end":{"line":58,"column":27}},"40":{"start":{"line":59,"column":6},"end":{"line":59,"column":71}},"41":{"start":{"line":63,"column":21},"end":{"line":79,"column":1}},"42":{"start":{"line":64,"column":4},"end":{"line":78,"column":5}},"43":{"start":{"line":65,"column":25},"end":{"line":65,"column":33}},"44":{"start":{"line":66,"column":8},"end":{"line":68,"column":11}},"45":{"start":{"line":67,"column":12},"end":{"line":67,"column":84}},"46":{"start":{"line":69,"column":25},"end":{"line":69,"column":27}},"47":{"start":{"line":70,"column":29},"end":{"line":70,"column":58}},"48":{"start":{"line":71,"column":8},"end":{"line":73,"column":9}},"49":{"start":{"line":72,"column":10},"end":{"line":72,"column":33}},"50":{"start":{"line":74,"column":6},"end":{"line":74,"column":35}},"51":{"start":{"line":76,"column":8},"end":{"line":76,"column":29}},"52":{"start":{"line":77,"column":8},"end":{"line":77,"column":26}},"53":{"start":{"line":81,"column":19},"end":{"line":94,"column":3}},"54":{"start":{"line":82,"column":4},"end":{"line":93,"column":5}},"55":{"start":{"line":83,"column":27},"end":{"line":83,"column":35}},"56":{"start":{"line":84,"column":24},"end":{"line":84,"column":64}},"57":{"start":{"line":85,"column":20},"end":{"line":85,"column":22}},"58":{"start":{"line":86,"column":6},"end":{"line":88,"column":10}},"59":{"start":{"line":87,"column":9},"end":{"line":87,"column":29}},"60":{"start":{"line":89,"column":7},"end":{"line":89,"column":36}},"61":{"start":{"line":91,"column":6},"end":{"line":91,"column":27}},"62":{"start":{"line":92,"column":6},"end":{"line":92,"column":72}}},"fnMap":{"0":{"name":"(anonymous_0)","decl":{"start":{"line":4,"column":20},"end":{"line":4,"column":21}},"loc":{"start":{"line":4,"column":40},"end":{"line":28,"column":3}},"line":4},"1":{"name":"(anonymous_1)","decl":{"start":{"line":29,"column":25},"end":{"line":29,"column":26}},"loc":{"start":{"line":29,"column":45},"end":{"line":46,"column":3}},"line":29},"2":{"name":"(anonymous_2)","decl":{"start":{"line":48,"column":25},"end":{"line":48,"column":26}},"loc":{"start":{"line":48,"column":45},"end":{"line":61,"column":3}},"line":48},"3":{"name":"(anonymous_3)","decl":{"start":{"line":63,"column":21},"end":{"line":63,"column":22}},"loc":{"start":{"line":63,"column":41},"end":{"line":79,"column":1}},"line":63},"4":{"name":"(anonymous_4)","decl":{"start":{"line":71,"column":29},"end":{"line":71,"column":30}},"loc":{"start":{"line":71,"column":44},"end":{"line":73,"column":7}},"line":71},"5":{"name":"(anonymous_5)","decl":{"start":{"line":81,"column":19},"end":{"line":81,"column":20}},"loc":{"start":{"line":81,"column":39},"end":{"line":94,"column":3}},"line":81},"6":{"name":"(anonymous_6)","decl":{"start":{"line":86,"column":24},"end":{"line":86,"column":25}},"loc":{"start":{"line":86,"column":34},"end":{"line":88,"column":8}},"line":86}},"branchMap":{"0":{"loc":{"start":{"line":8,"column":6},"end":{"line":10,"column":7}},"type":"if","locations":[{"start":{"line":8,"column":6},"end":{"line":10,"column":7}},{"start":{},"end":{}}],"line":8},"1":{"loc":{"start":{"line":8,"column":9},"end":{"line":8,"column":35}},"type":"binary-expr","locations":[{"start":{"line":8,"column":9},"end":{"line":8,"column":22}},{"start":{"line":8,"column":26},"end":{"line":8,"column":35}}],"line":8},"2":{"loc":{"start":{"line":11,"column":6},"end":{"line":23,"column":7}},"type":"if","locations":[{"start":{"line":11,"column":6},"end":{"line":23,"column":7}},{"start":{"line":17,"column":10},"end":{"line":23,"column":7}}],"line":11},"3":{"loc":{"start":{"line":33,"column":6},"end":{"line":35,"column":7}},"type":"if","locations":[{"start":{"line":33,"column":6},"end":{"line":35,"column":7}},{"start":{},"end":{}}],"line":33},"4":{"loc":{"start":{"line":36,"column":6},"end":{"line":37,"column":46}},"type":"if","locations":[{"start":{"line":36,"column":6},"end":{"line":37,"column":46}},{"start":{},"end":{}}],"line":36},"5":{"loc":{"start":{"line":38,"column":6},"end":{"line":39,"column":38}},"type":"if","locations":[{"start":{"line":38,"column":6},"end":{"line":39,"column":38}},{"start":{},"end":{}}],"line":38},"6":{"loc":{"start":{"line":52,"column":6},"end":{"line":54,"column":7}},"type":"if","locations":[{"start":{"line":52,"column":6},"end":{"line":54,"column":7}},{"start":{},"end":{}}],"line":52},"7":{"loc":{"start":{"line":66,"column":8},"end":{"line":68,"column":11}},"type":"if","locations":[{"start":{"line":66,"column":8},"end":{"line":68,"column":11}},{"start":{},"end":{}}],"line":66}},"s":{"0":1,"1":2,"2":2,"3":2,"4":2,"5":0,"6":2,"7":2,"8":2,"9":2,"10":0,"11":0,"12":0,"13":0,"14":0,"15":0,"16":0,"17":1,"18":2,"19":2,"20":2,"21":2,"22":0,"23":2,"24":1,"25":2,"26":1,"27":2,"28":2,"29":0,"30":0,"31":1,"32":0,"33":0,"34":0,"35":0,"36":0,"37":0,"38":0,"39":0,"40":0,"41":1,"42":1,"43":1,"44":1,"45":0,"46":1,"47":1,"48":1,"49":11,"50":1,"51":0,"52":0,"53":1,"54":1,"55":1,"56":1,"57":1,"58":1,"59":0,"60":1,"61":0,"62":0},"f":{"0":2,"1":2,"2":0,"3":1,"4":11,"5":1,"6":0},"b":{"0":[0,2],"1":[2,2],"2":[2,0],"3":[0,2],"4":[1,1],"5":[1,1],"6":[0,0],"7":[0,1]},"_coverageSchema":"1a1c01bbd47fc00a2c39e90264f33305004495a9","hash":"abc9c4ae475bf7343de2ebbf7a4f049e12e0fc5e"}
,"C:\\Users\\Pinky Pamecha\\OneDrive\\Desktop\\qoura unicode\\controllers\\userControllers.js": {"path":"C:\\Users\\Pinky Pamecha\\OneDrive\\Desktop\\qoura unicode\\controllers\\userControllers.js","statementMap":{"0":{"start":{"line":7,"column":0},"end":{"line":7,"column":16}},"1":{"start":{"line":9,"column":13},"end":{"line":9,"column":30}},"2":{"start":{"line":83,"column":17},"end":{"line":108,"column":1}},"3":{"start":{"line":84,"column":2},"end":{"line":107,"column":3}},"4":{"start":{"line":85,"column":40},"end":{"line":85,"column":48}},"5":{"start":{"line":87,"column":29},"end":{"line":87,"column":56}},"6":{"start":{"line":88,"column":4},"end":{"line":90,"column":5}},"7":{"start":{"line":89,"column":6},"end":{"line":89,"column":74}},"8":{"start":{"line":91,"column":4},"end":{"line":93,"column":5}},"9":{"start":{"line":92,"column":6},"end":{"line":92,"column":67}},"10":{"start":{"line":95,"column":4},"end":{"line":103,"column":5}},"11":{"start":{"line":96,"column":25},"end":{"line":96,"column":27}},"12":{"start":{"line":97,"column":29},"end":{"line":97,"column":68}},"13":{"start":{"line":99,"column":22},"end":{"line":99,"column":95}},"14":{"start":{"line":100,"column":6},"end":{"line":100,"column":27}},"15":{"start":{"line":101,"column":6},"end":{"line":101,"column":101}},"16":{"start":{"line":102,"column":6},"end":{"line":102,"column":77}},"17":{"start":{"line":105,"column":4},"end":{"line":105,"column":25}},"18":{"start":{"line":106,"column":4},"end":{"line":106,"column":60}},"19":{"start":{"line":110,"column":14},"end":{"line":135,"column":1}},"20":{"start":{"line":111,"column":4},"end":{"line":134,"column":5}},"21":{"start":{"line":112,"column":39},"end":{"line":112,"column":47}},"22":{"start":{"line":113,"column":21},"end":{"line":113,"column":53}},"23":{"start":{"line":115,"column":8},"end":{"line":117,"column":9}},"24":{"start":{"line":116,"column":12},"end":{"line":116,"column":86}},"25":{"start":{"line":119,"column":32},"end":{"line":119,"column":77}},"26":{"start":{"line":121,"column":8},"end":{"line":123,"column":9}},"27":{"start":{"line":122,"column":12},"end":{"line":122,"column":86}},"28":{"start":{"line":125,"column":22},"end":{"line":127,"column":10}},"29":{"start":{"line":129,"column":8},"end":{"line":129,"column":87}},"30":{"start":{"line":132,"column":8},"end":{"line":132,"column":29}},"31":{"start":{"line":133,"column":8},"end":{"line":133,"column":68}},"32":{"start":{"line":137,"column":21},"end":{"line":148,"column":1}},"33":{"start":{"line":138,"column":4},"end":{"line":147,"column":5}},"34":{"start":{"line":140,"column":25},"end":{"line":140,"column":56}},"35":{"start":{"line":141,"column":12},"end":{"line":141,"column":93}},"36":{"start":{"line":145,"column":8},"end":{"line":145,"column":27}},"37":{"start":{"line":146,"column":8},"end":{"line":146,"column":47}},"38":{"start":{"line":150,"column":19},"end":{"line":161,"column":1}},"39":{"start":{"line":151,"column":2},"end":{"line":160,"column":3}},"40":{"start":{"line":152,"column":29},"end":{"line":152,"column":37}},"41":{"start":{"line":153,"column":23},"end":{"line":153,"column":53}},"42":{"start":{"line":154,"column":10},"end":{"line":154,"column":71}},"43":{"start":{"line":158,"column":6},"end":{"line":158,"column":25}},"44":{"start":{"line":159,"column":6},"end":{"line":159,"column":45}},"45":{"start":{"line":163,"column":26},"end":{"line":185,"column":1}},"46":{"start":{"line":164,"column":2},"end":{"line":184,"column":3}},"47":{"start":{"line":165,"column":17},"end":{"line":165,"column":48}},"48":{"start":{"line":166,"column":4},"end":{"line":168,"column":6}},"49":{"start":{"line":167,"column":6},"end":{"line":167,"column":63}},"50":{"start":{"line":169,"column":32},"end":{"line":169,"column":40}},"51":{"start":{"line":170,"column":14},"end":{"line":170,"column":44}},"52":{"start":{"line":171,"column":4},"end":{"line":173,"column":5}},"53":{"start":{"line":172,"column":6},"end":{"line":172,"column":54}},"54":{"start":{"line":174,"column":4},"end":{"line":178,"column":5}},"55":{"start":{"line":175,"column":5},"end":{"line":175,"column":30}},"56":{"start":{"line":177,"column":6},"end":{"line":177,"column":68}},"57":{"start":{"line":179,"column":4},"end":{"line":179,"column":22}},"58":{"start":{"line":180,"column":4},"end":{"line":180,"column":31}},"59":{"start":{"line":182,"column":4},"end":{"line":182,"column":25}},"60":{"start":{"line":183,"column":4},"end":{"line":183,"column":69}},"61":{"start":{"line":187,"column":19},"end":{"line":202,"column":1}},"62":{"start":{"line":188,"column":2},"end":{"line":201,"column":3}},"63":{"start":{"line":189,"column":19},"end":{"line":189,"column":29}},"64":{"start":{"line":191,"column":24},"end":{"line":191,"column":60}},"65":{"start":{"line":193,"column":4},"end":{"line":195,"column":5}},"66":{"start":{"line":194,"column":6},"end":{"line":194,"column":63}},"67":{"start":{"line":197,"column":4},"end":{"line":197,"column":67}},"68":{"start":{"line":199,"column":4},"end":{"line":199,"column":25}},"69":{"start":{"line":200,"column":4},"end":{"line":200,"column":61}},"70":{"start":{"line":204,"column":20},"end":{"line":231,"column":2}},"71":{"start":{"line":205,"column":2},"end":{"line":231,"column":1}},"72":{"start":{"line":207,"column":31},"end":{"line":207,"column":39}},"73":{"start":{"line":209,"column":23},"end":{"line":209,"column":71}},"74":{"start":{"line":210,"column":2},"end":{"line":212,"column":7}},"75":{"start":{"line":211,"column":4},"end":{"line":211,"column":53}},"76":{"start":{"line":215,"column":23},"end":{"line":215,"column":54}},"77":{"start":{"line":217,"column":2},"end":{"line":219,"column":7}},"78":{"start":{"line":218,"column":4},"end":{"line":218,"column":75}},"79":{"start":{"line":221,"column":2},"end":{"line":221,"column":52}},"80":{"start":{"line":223,"column":2},"end":{"line":223,"column":52}},"81":{"start":{"line":225,"column":2},"end":{"line":225,"column":27}},"82":{"start":{"line":226,"column":2},"end":{"line":226,"column":28}},"83":{"start":{"line":228,"column":2},"end":{"line":228,"column":60}},"84":{"start":{"line":230,"column":2},"end":{"line":230,"column":30}},"85":{"start":{"line":233,"column":21},"end":{"line":258,"column":52}},"86":{"start":{"line":234,"column":2},"end":{"line":258,"column":51}},"87":{"start":{"line":235,"column":33},"end":{"line":235,"column":41}},"88":{"start":{"line":236,"column":25},"end":{"line":236,"column":74}},"89":{"start":{"line":237,"column":2},"end":{"line":240,"column":3}},"90":{"start":{"line":238,"column":4},"end":{"line":238,"column":20}},"91":{"start":{"line":239,"column":4},"end":{"line":239,"column":38}},"92":{"start":{"line":241,"column":22},"end":{"line":241,"column":53}},"93":{"start":{"line":242,"column":2},"end":{"line":244,"column":3}},"94":{"start":{"line":243,"column":4},"end":{"line":243,"column":71}},"95":{"start":{"line":245,"column":2},"end":{"line":247,"column":4}},"96":{"start":{"line":246,"column":18},"end":{"line":246,"column":60}},"97":{"start":{"line":249,"column":2},"end":{"line":251,"column":4}},"98":{"start":{"line":250,"column":18},"end":{"line":250,"column":53}},"99":{"start":{"line":253,"column":2},"end":{"line":253,"column":27}},"100":{"start":{"line":254,"column":2},"end":{"line":254,"column":30}},"101":{"start":{"line":256,"column":2},"end":{"line":256,"column":58}},"102":{"start":{"line":258,"column":1},"end":{"line":258,"column":50}},"103":{"start":{"line":260,"column":21},"end":{"line":274,"column":2}},"104":{"start":{"line":261,"column":2},"end":{"line":274,"column":1}},"105":{"start":{"line":262,"column":17},"end":{"line":262,"column":27}},"106":{"start":{"line":264,"column":15},"end":{"line":264,"column":42}},"107":{"start":{"line":266,"column":2},"end":{"line":269,"column":3}},"108":{"start":{"line":267,"column":4},"end":{"line":267,"column":20}},"109":{"start":{"line":268,"column":4},"end":{"line":268,"column":38}},"110":{"start":{"line":271,"column":2},"end":{"line":271,"column":27}},"111":{"start":{"line":273,"column":2},"end":{"line":273,"column":51}},"112":{"start":{"line":276,"column":21},"end":{"line":290,"column":2}},"113":{"start":{"line":277,"column":2},"end":{"line":290,"column":1}},"114":{"start":{"line":278,"column":17},"end":{"line":278,"column":27}},"115":{"start":{"line":280,"column":15},"end":{"line":280,"column":42}},"116":{"start":{"line":282,"column":2},"end":{"line":285,"column":3}},"117":{"start":{"line":283,"column":4},"end":{"line":283,"column":20}},"118":{"start":{"line":284,"column":4},"end":{"line":284,"column":38}},"119":{"start":{"line":287,"column":2},"end":{"line":287,"column":27}},"120":{"start":{"line":289,"column":2},"end":{"line":289,"column":51}},"121":{"start":{"line":292,"column":30},"end":{"line":311,"column":1}},"122":{"start":{"line":293,"column":2},"end":{"line":310,"column":3}},"123":{"start":{"line":294,"column":17},"end":{"line":294,"column":48}},"124":{"start":{"line":297,"column":4},"end":{"line":299,"column":5}},"125":{"start":{"line":298,"column":6},"end":{"line":298,"column":65}},"126":{"start":{"line":300,"column":4},"end":{"line":306,"column":5}},"127":{"start":{"line":301,"column":6},"end":{"line":301,"column":42}},"128":{"start":{"line":302,"column":6},"end":{"line":302,"column":24}},"129":{"start":{"line":303,"column":6},"end":{"line":303,"column":88}},"130":{"start":{"line":305,"column":6},"end":{"line":305,"column":67}},"131":{"start":{"line":308,"column":4},"end":{"line":308,"column":25}},"132":{"start":{"line":309,"column":4},"end":{"line":309,"column":63}},"133":{"start":{"line":313,"column":19},"end":{"line":332,"column":1}},"134":{"start":{"line":314,"column":2},"end":{"line":331,"column":3}},"135":{"start":{"line":315,"column":19},"end":{"line":315,"column":27}},"136":{"start":{"line":316,"column":17},"end":{"line":316,"column":48}},"137":{"start":{"line":317,"column":4},"end":{"line":319,"column":5}},"138":{"start":{"line":318,"column":6},"end":{"line":318,"column":65}},"139":{"start":{"line":320,"column":4},"end":{"line":322,"column":5}},"140":{"start":{"line":321,"column":6},"end":{"line":321,"column":74}},"141":{"start":{"line":323,"column":4},"end":{"line":323,"column":21}},"142":{"start":{"line":324,"column":4},"end":{"line":324,"column":22}},"143":{"start":{"line":325,"column":4},"end":{"line":325,"column":74}},"144":{"start":{"line":328,"column":4},"end":{"line":328,"column":25}},"145":{"start":{"line":329,"column":4},"end":{"line":329,"column":63}}},"fnMap":{"0":{"name":"(anonymous_0)","decl":{"start":{"line":83,"column":17},"end":{"line":83,"column":18}},"loc":{"start":{"line":83,"column":37},"end":{"line":108,"column":1}},"line":83},"1":{"name":"(anonymous_1)","decl":{"start":{"line":110,"column":14},"end":{"line":110,"column":15}},"loc":{"start":{"line":110,"column":31},"end":{"line":135,"column":1}},"line":110},"2":{"name":"(anonymous_2)","decl":{"start":{"line":137,"column":21},"end":{"line":137,"column":22}},"loc":{"start":{"line":137,"column":37},"end":{"line":148,"column":1}},"line":137},"3":{"name":"(anonymous_3)","decl":{"start":{"line":150,"column":19},"end":{"line":150,"column":20}},"loc":{"start":{"line":150,"column":35},"end":{"line":161,"column":1}},"line":150},"4":{"name":"(anonymous_4)","decl":{"start":{"line":163,"column":26},"end":{"line":163,"column":27}},"loc":{"start":{"line":163,"column":46},"end":{"line":185,"column":1}},"line":163},"5":{"name":"(anonymous_5)","decl":{"start":{"line":187,"column":19},"end":{"line":187,"column":20}},"loc":{"start":{"line":187,"column":39},"end":{"line":202,"column":1}},"line":187},"6":{"name":"(anonymous_6)","decl":{"start":{"line":204,"column":20},"end":{"line":204,"column":21}},"loc":{"start":{"line":204,"column":40},"end":{"line":231,"column":2}},"line":204},"7":{"name":"(anonymous_7)","decl":{"start":{"line":233,"column":21},"end":{"line":233,"column":22}},"loc":{"start":{"line":233,"column":41},"end":{"line":258,"column":52}},"line":233},"8":{"name":"(anonymous_8)","decl":{"start":{"line":246,"column":4},"end":{"line":246,"column":5}},"loc":{"start":{"line":246,"column":18},"end":{"line":246,"column":60}},"line":246},"9":{"name":"(anonymous_9)","decl":{"start":{"line":250,"column":4},"end":{"line":250,"column":5}},"loc":{"start":{"line":250,"column":18},"end":{"line":250,"column":53}},"line":250},"10":{"name":"(anonymous_10)","decl":{"start":{"line":260,"column":21},"end":{"line":260,"column":22}},"loc":{"start":{"line":260,"column":41},"end":{"line":274,"column":2}},"line":260},"11":{"name":"(anonymous_11)","decl":{"start":{"line":276,"column":21},"end":{"line":276,"column":22}},"loc":{"start":{"line":276,"column":41},"end":{"line":290,"column":2}},"line":276},"12":{"name":"(anonymous_12)","decl":{"start":{"line":292,"column":30},"end":{"line":292,"column":31}},"loc":{"start":{"line":292,"column":47},"end":{"line":311,"column":1}},"line":292},"13":{"name":"(anonymous_13)","decl":{"start":{"line":313,"column":19},"end":{"line":313,"column":20}},"loc":{"start":{"line":313,"column":35},"end":{"line":332,"column":1}},"line":313}},"branchMap":{"0":{"loc":{"start":{"line":88,"column":4},"end":{"line":90,"column":5}},"type":"if","locations":[{"start":{"line":88,"column":4},"end":{"line":90,"column":5}},{"start":{},"end":{}}],"line":88},"1":{"loc":{"start":{"line":91,"column":4},"end":{"line":93,"column":5}},"type":"if","locations":[{"start":{"line":91,"column":4},"end":{"line":93,"column":5}},{"start":{},"end":{}}],"line":91},"2":{"loc":{"start":{"line":91,"column":7},"end":{"line":91,"column":39}},"type":"binary-expr","locations":[{"start":{"line":91,"column":7},"end":{"line":91,"column":16}},{"start":{"line":91,"column":20},"end":{"line":91,"column":29}},{"start":{"line":91,"column":33},"end":{"line":91,"column":39}}],"line":91},"3":{"loc":{"start":{"line":95,"column":4},"end":{"line":103,"column":5}},"type":"if","locations":[{"start":{"line":95,"column":4},"end":{"line":103,"column":5}},{"start":{},"end":{}}],"line":95},"4":{"loc":{"start":{"line":115,"column":8},"end":{"line":117,"column":9}},"type":"if","locations":[{"start":{"line":115,"column":8},"end":{"line":117,"column":9}},{"start":{},"end":{}}],"line":115},"5":{"loc":{"start":{"line":121,"column":8},"end":{"line":123,"column":9}},"type":"if","locations":[{"start":{"line":121,"column":8},"end":{"line":123,"column":9}},{"start":{},"end":{}}],"line":121},"6":{"loc":{"start":{"line":166,"column":4},"end":{"line":168,"column":6}},"type":"if","locations":[{"start":{"line":166,"column":4},"end":{"line":168,"column":6}},{"start":{},"end":{}}],"line":166},"7":{"loc":{"start":{"line":171,"column":4},"end":{"line":173,"column":5}},"type":"if","locations":[{"start":{"line":171,"column":4},"end":{"line":173,"column":5}},{"start":{},"end":{}}],"line":171},"8":{"loc":{"start":{"line":174,"column":4},"end":{"line":178,"column":5}},"type":"if","locations":[{"start":{"line":174,"column":4},"end":{"line":178,"column":5}},{"start":{"line":176,"column":8},"end":{"line":178,"column":5}}],"line":174},"9":{"loc":{"start":{"line":174,"column":7},"end":{"line":174,"column":21}},"type":"binary-expr","locations":[{"start":{"line":174,"column":7},"end":{"line":174,"column":9}},{"start":{"line":174,"column":13},"end":{"line":174,"column":21}}],"line":174},"10":{"loc":{"start":{"line":193,"column":4},"end":{"line":195,"column":5}},"type":"if","locations":[{"start":{"line":193,"column":4},"end":{"line":195,"column":5}},{"start":{},"end":{}}],"line":193},"11":{"loc":{"start":{"line":210,"column":2},"end":{"line":212,"column":7}},"type":"if","locations":[{"start":{"line":210,"column":2},"end":{"line":212,"column":7}},{"start":{},"end":{}}],"line":210},"12":{"loc":{"start":{"line":217,"column":2},"end":{"line":219,"column":7}},"type":"if","locations":[{"start":{"line":217,"column":2},"end":{"line":219,"column":7}},{"start":{},"end":{}}],"line":217},"13":{"loc":{"start":{"line":237,"column":2},"end":{"line":240,"column":3}},"type":"if","locations":[{"start":{"line":237,"column":2},"end":{"line":240,"column":3}},{"start":{},"end":{}}],"line":237},"14":{"loc":{"start":{"line":242,"column":2},"end":{"line":244,"column":3}},"type":"if","locations":[{"start":{"line":242,"column":2},"end":{"line":244,"column":3}},{"start":{},"end":{}}],"line":242},"15":{"loc":{"start":{"line":266,"column":2},"end":{"line":269,"column":3}},"type":"if","locations":[{"start":{"line":266,"column":2},"end":{"line":269,"column":3}},{"start":{},"end":{}}],"line":266},"16":{"loc":{"start":{"line":282,"column":2},"end":{"line":285,"column":3}},"type":"if","locations":[{"start":{"line":282,"column":2},"end":{"line":285,"column":3}},{"start":{},"end":{}}],"line":282},"17":{"loc":{"start":{"line":297,"column":4},"end":{"line":299,"column":5}},"type":"if","locations":[{"start":{"line":297,"column":4},"end":{"line":299,"column":5}},{"start":{},"end":{}}],"line":297},"18":{"loc":{"start":{"line":300,"column":4},"end":{"line":306,"column":5}},"type":"if","locations":[{"start":{"line":300,"column":4},"end":{"line":306,"column":5}},{"start":{"line":304,"column":11},"end":{"line":306,"column":5}}],"line":300},"19":{"loc":{"start":{"line":317,"column":4},"end":{"line":319,"column":5}},"type":"if","locations":[{"start":{"line":317,"column":4},"end":{"line":319,"column":5}},{"start":{},"end":{}}],"line":317},"20":{"loc":{"start":{"line":320,"column":4},"end":{"line":322,"column":5}},"type":"if","locations":[{"start":{"line":320,"column":4},"end":{"line":322,"column":5}},{"start":{},"end":{}}],"line":320}},"s":{"0":1,"1":1,"2":1,"3":1,"4":1,"5":1,"6":1,"7":0,"8":1,"9":0,"10":1,"11":1,"12":1,"13":1,"14":1,"15":1,"16":1,"17":0,"18":0,"19":1,"20":3,"21":3,"22":3,"23":3,"24":0,"25":3,"26":3,"27":0,"28":3,"29":3,"30":0,"31":0,"32":1,"33":1,"34":1,"35":1,"36":0,"37":0,"38":1,"39":1,"40":1,"41":1,"42":1,"43":0,"44":0,"45":1,"46":1,"47":1,"48":1,"49":0,"50":1,"51":1,"52":1,"53":0,"54":1,"55":1,"56":0,"57":1,"58":1,"59":0,"60":0,"61":1,"62":0,"63":0,"64":0,"65":0,"66":0,"67":0,"68":0,"69":0,"70":1,"71":1,"72":1,"73":1,"74":1,"75":0,"76":1,"77":1,"78":0,"79":1,"80":1,"81":1,"82":1,"83":1,"84":0,"85":1,"86":1,"87":1,"88":1,"89":1,"90":0,"91":0,"92":1,"93":1,"94":0,"95":1,"96":1,"97":1,"98":1,"99":1,"100":1,"101":1,"102":0,"103":1,"104":1,"105":1,"106":1,"107":1,"108":0,"109":0,"110":1,"111":0,"112":1,"113":1,"114":1,"115":1,"116":1,"117":0,"118":0,"119":1,"120":0,"121":1,"122":0,"123":0,"124":0,"125":0,"126":0,"127":0,"128":0,"129":0,"130":0,"131":0,"132":0,"133":1,"134":1,"135":1,"136":1,"137":1,"138":0,"139":1,"140":0,"141":1,"142":1,"143":1,"144":0,"145":0},"f":{"0":1,"1":3,"2":1,"3":1,"4":1,"5":0,"6":1,"7":1,"8":1,"9":1,"10":1,"11":1,"12":0,"13":1},"b":{"0":[0,1],"1":[0,1],"2":[1,1,1],"3":[1,0],"4":[0,3],"5":[0,3],"6":[0,1],"7":[0,1],"8":[1,0],"9":[1,1],"10":[0,0],"11":[0,1],"12":[0,1],"13":[0,1],"14":[0,1],"15":[0,1],"16":[0,1],"17":[0,0],"18":[0,0],"19":[0,1],"20":[0,1]},"_coverageSchema":"1a1c01bbd47fc00a2c39e90264f33305004495a9","hash":"ede3756f1e6d8d40a87dc53ca5e8253b0c24a092"}
,"C:\\Users\\Pinky Pamecha\\OneDrive\\Desktop\\qoura unicode\\middleware\\authMiddleware.js": {"path":"C:\\Users\\Pinky Pamecha\\OneDrive\\Desktop\\qoura unicode\\middleware\\authMiddleware.js","statementMap":{"0":{"start":{"line":3,"column":25},"end":{"line":16,"column":1}},"1":{"start":{"line":4,"column":18},"end":{"line":4,"column":57}},"2":{"start":{"line":6,"column":4},"end":{"line":8,"column":5}},"3":{"start":{"line":7,"column":8},"end":{"line":7,"column":86}},"4":{"start":{"line":9,"column":4},"end":{"line":15,"column":7}},"5":{"start":{"line":10,"column":8},"end":{"line":12,"column":9}},"6":{"start":{"line":11,"column":12},"end":{"line":11,"column":59}},"7":{"start":{"line":13,"column":8},"end":{"line":13,"column":36}},"8":{"start":{"line":14,"column":8},"end":{"line":14,"column":15}}},"fnMap":{"0":{"name":"(anonymous_0)","decl":{"start":{"line":3,"column":25},"end":{"line":3,"column":26}},"loc":{"start":{"line":3,"column":50},"end":{"line":16,"column":1}},"line":3},"1":{"name":"(anonymous_1)","decl":{"start":{"line":9,"column":45},"end":{"line":9,"column":46}},"loc":{"start":{"line":9,"column":60},"end":{"line":15,"column":5}},"line":9}},"branchMap":{"0":{"loc":{"start":{"line":6,"column":4},"end":{"line":8,"column":5}},"type":"if","locations":[{"start":{"line":6,"column":4},"end":{"line":8,"column":5}},{"start":{},"end":{}}],"line":6},"1":{"loc":{"start":{"line":10,"column":8},"end":{"line":12,"column":9}},"type":"if","locations":[{"start":{"line":10,"column":8},"end":{"line":12,"column":9}},{"start":{},"end":{}}],"line":10}},"s":{"0":1,"1":17,"2":17,"3":0,"4":17,"5":17,"6":0,"7":17,"8":17},"f":{"0":17,"1":17},"b":{"0":[0,17],"1":[0,17]},"_coverageSchema":"1a1c01bbd47fc00a2c39e90264f33305004495a9","hash":"deff9c0ad8e2354ab3cc1c44b83764ade554781f"}
,"C:\\Users\\Pinky Pamecha\\OneDrive\\Desktop\\qoura unicode\\middleware\\cloudinary.js": {"path":"C:\\Users\\Pinky Pamecha\\OneDrive\\Desktop\\qoura unicode\\middleware\\cloudinary.js","statementMap":{"0":{"start":{"line":3,"column":0},"end":{"line":3,"column":16}},"1":{"start":{"line":5,"column":0},"end":{"line":9,"column":3}}},"fnMap":{},"branchMap":{},"s":{"0":1,"1":1},"f":{},"b":{},"_coverageSchema":"1a1c01bbd47fc00a2c39e90264f33305004495a9","hash":"b10199c51efb321f0e402f0cee23dcd960bd0ab1"}
,"C:\\Users\\Pinky Pamecha\\OneDrive\\Desktop\\qoura unicode\\middleware\\premiumUsers.js": {"path":"C:\\Users\\Pinky Pamecha\\OneDrive\\Desktop\\qoura unicode\\middleware\\premiumUsers.js","statementMap":{"0":{"start":{"line":2,"column":25},"end":{"line":21,"column":3}},"1":{"start":{"line":3,"column":4},"end":{"line":19,"column":5}},"2":{"start":{"line":4,"column":21},"end":{"line":4,"column":52}},"3":{"start":{"line":6,"column":4},"end":{"line":8,"column":5}},"4":{"start":{"line":7,"column":6},"end":{"line":7,"column":40}},"5":{"start":{"line":9,"column":4},"end":{"line":13,"column":5}},"6":{"start":{"line":10,"column":6},"end":{"line":10,"column":13}},"7":{"start":{"line":12,"column":6},"end":{"line":12,"column":105}},"8":{"start":{"line":15,"column":8},"end":{"line":15,"column":29}},"9":{"start":{"line":16,"column":4},"end":{"line":16,"column":63}}},"fnMap":{"0":{"name":"(anonymous_0)","decl":{"start":{"line":2,"column":25},"end":{"line":2,"column":26}},"loc":{"start":{"line":2,"column":50},"end":{"line":21,"column":3}},"line":2}},"branchMap":{"0":{"loc":{"start":{"line":6,"column":4},"end":{"line":8,"column":5}},"type":"if","locations":[{"start":{"line":6,"column":4},"end":{"line":8,"column":5}},{"start":{},"end":{}}],"line":6},"1":{"loc":{"start":{"line":9,"column":4},"end":{"line":13,"column":5}},"type":"if","locations":[{"start":{"line":9,"column":4},"end":{"line":13,"column":5}},{"start":{"line":11,"column":11},"end":{"line":13,"column":5}}],"line":9}},"s":{"0":1,"1":0,"2":0,"3":0,"4":0,"5":0,"6":0,"7":0,"8":0,"9":0},"f":{"0":0},"b":{"0":[0,0],"1":[0,0]},"_coverageSchema":"1a1c01bbd47fc00a2c39e90264f33305004495a9","hash":"caffc6034a7f5af16499e49539b5a6de7fbf2846"}
,"C:\\Users\\Pinky Pamecha\\OneDrive\\Desktop\\qoura unicode\\middleware\\valid.js": {"path":"C:\\Users\\Pinky Pamecha\\OneDrive\\Desktop\\qoura unicode\\middleware\\valid.js","statementMap":{"0":{"start":{"line":5,"column":17},"end":{"line":5,"column":20}},"1":{"start":{"line":7,"column":14},"end":{"line":15,"column":2}},"2":{"start":{"line":9,"column":8},"end":{"line":9,"column":97}},"3":{"start":{"line":12,"column":18},"end":{"line":12,"column":44}},"4":{"start":{"line":13,"column":8},"end":{"line":13,"column":22}},"5":{"start":{"line":17,"column":13},"end":{"line":34,"column":2}},"6":{"start":{"line":20,"column":9},"end":{"line":29,"column":10}},"7":{"start":{"line":25,"column":13},"end":{"line":25,"column":28}},"8":{"start":{"line":27,"column":13},"end":{"line":27,"column":58}},"9":{"start":{"line":28,"column":13},"end":{"line":28,"column":35}},"10":{"start":{"line":36,"column":24},"end":{"line":41,"column":2}},"11":{"start":{"line":38,"column":18},"end":{"line":38,"column":44}},"12":{"start":{"line":39,"column":8},"end":{"line":39,"column":22}},"13":{"start":{"line":43,"column":23},"end":{"line":60,"column":2}},"14":{"start":{"line":46,"column":9},"end":{"line":55,"column":10}},"15":{"start":{"line":51,"column":13},"end":{"line":51,"column":28}},"16":{"start":{"line":53,"column":13},"end":{"line":53,"column":58}},"17":{"start":{"line":54,"column":13},"end":{"line":54,"column":29}}},"fnMap":{"0":{"name":"(anonymous_0)","decl":{"start":{"line":8,"column":17},"end":{"line":8,"column":18}},"loc":{"start":{"line":8,"column":41},"end":{"line":10,"column":5}},"line":8},"1":{"name":"(anonymous_1)","decl":{"start":{"line":11,"column":13},"end":{"line":11,"column":14}},"loc":{"start":{"line":11,"column":31},"end":{"line":14,"column":5}},"line":11},"2":{"name":"(anonymous_2)","decl":{"start":{"line":19,"column":17},"end":{"line":19,"column":18}},"loc":{"start":{"line":19,"column":35},"end":{"line":30,"column":6}},"line":19},"3":{"name":"(anonymous_3)","decl":{"start":{"line":37,"column":13},"end":{"line":37,"column":14}},"loc":{"start":{"line":37,"column":31},"end":{"line":40,"column":5}},"line":37},"4":{"name":"(anonymous_4)","decl":{"start":{"line":45,"column":17},"end":{"line":45,"column":18}},"loc":{"start":{"line":45,"column":35},"end":{"line":56,"column":6}},"line":45}},"branchMap":{"0":{"loc":{"start":{"line":20,"column":9},"end":{"line":29,"column":10}},"type":"if","locations":[{"start":{"line":20,"column":9},"end":{"line":29,"column":10}},{"start":{"line":26,"column":16},"end":{"line":29,"column":10}}],"line":20},"1":{"loc":{"start":{"line":21,"column":13},"end":{"line":22,"column":43}},"type":"binary-expr","locations":[{"start":{"line":21,"column":13},"end":{"line":21,"column":42}},{"start":{"line":22,"column":13},"end":{"line":22,"column":43}}],"line":21},"2":{"loc":{"start":{"line":46,"column":9},"end":{"line":55,"column":10}},"type":"if","locations":[{"start":{"line":46,"column":9},"end":{"line":55,"column":10}},{"start":{"line":52,"column":16},"end":{"line":55,"column":10}}],"line":46},"3":{"loc":{"start":{"line":47,"column":13},"end":{"line":48,"column":43}},"type":"binary-expr","locations":[{"start":{"line":47,"column":13},"end":{"line":47,"column":42}},{"start":{"line":48,"column":13},"end":{"line":48,"column":43}}],"line":47}},"s":{"0":1,"1":1,"2":0,"3":0,"4":0,"5":1,"6":0,"7":0,"8":0,"9":0,"10":1,"11":0,"12":0,"13":1,"14":0,"15":0,"16":0,"17":0},"f":{"0":0,"1":0,"2":0,"3":0,"4":0},"b":{"0":[0,0],"1":[0,0],"2":[0,0],"3":[0,0]},"_coverageSchema":"1a1c01bbd47fc00a2c39e90264f33305004495a9","hash":"f4c2eaa03d4b1096493d6c7365dc242bcfdcd981"}
,"C:\\Users\\Pinky Pamecha\\OneDrive\\Desktop\\qoura unicode\\model\\answerModel.js": {"path":"C:\\Users\\Pinky Pamecha\\OneDrive\\Desktop\\qoura unicode\\model\\answerModel.js","statementMap":{"0":{"start":{"line":3,"column":21},"end":{"line":34,"column":9}},"1":{"start":{"line":36,"column":15},"end":{"line":36,"column":53}}},"fnMap":{},"branchMap":{},"s":{"0":1,"1":1},"f":{},"b":{},"_coverageSchema":"1a1c01bbd47fc00a2c39e90264f33305004495a9","hash":"7c08009118a49f0a5e780ee2bd70eeb06e1831a4"}
,"C:\\Users\\Pinky Pamecha\\OneDrive\\Desktop\\qoura unicode\\model\\questionModel.js": {"path":"C:\\Users\\Pinky Pamecha\\OneDrive\\Desktop\\qoura unicode\\model\\questionModel.js","statementMap":{"0":{"start":{"line":3,"column":27},"end":{"line":3,"column":91}},"1":{"start":{"line":5,"column":21},"end":{"line":25,"column":2}},"2":{"start":{"line":28,"column":17},"end":{"line":28,"column":58}}},"fnMap":{},"branchMap":{},"s":{"0":1,"1":1,"2":1},"f":{},"b":{},"_coverageSchema":"1a1c01bbd47fc00a2c39e90264f33305004495a9","hash":"5749d001187a0e682c8d73a172c9b83bbc7a495d"}
,"C:\\Users\\Pinky Pamecha\\OneDrive\\Desktop\\qoura unicode\\model\\userModel.js": {"path":"C:\\Users\\Pinky Pamecha\\OneDrive\\Desktop\\qoura unicode\\model\\userModel.js","statementMap":{"0":{"start":{"line":22,"column":19},"end":{"line":63,"column":2}},"1":{"start":{"line":65,"column":13},"end":{"line":65,"column":47}}},"fnMap":{},"branchMap":{},"s":{"0":1,"1":1},"f":{},"b":{},"_coverageSchema":"1a1c01bbd47fc00a2c39e90264f33305004495a9","hash":"4737f12e51a360e8e1e9e3fbf8b18fb3886e4dbc"}
,"C:\\Users\\Pinky Pamecha\\OneDrive\\Desktop\\qoura unicode\\routes\\answerRoutes.js": {"path":"C:\\Users\\Pinky Pamecha\\OneDrive\\Desktop\\qoura unicode\\routes\\answerRoutes.js","statementMap":{"0":{"start":{"line":2,"column":15},"end":{"line":2,"column":31}},"1":{"start":{"line":9,"column":0},"end":{"line":9,"column":85}},"2":{"start":{"line":10,"column":0},"end":{"line":10,"column":56}},"3":{"start":{"line":11,"column":0},"end":{"line":11,"column":59}},"4":{"start":{"line":12,"column":1},"end":{"line":12,"column":61}},"5":{"start":{"line":13,"column":1},"end":{"line":13,"column":60}},"6":{"start":{"line":14,"column":1},"end":{"line":14,"column":64}}},"fnMap":{},"branchMap":{},"s":{"0":1,"1":1,"2":1,"3":1,"4":1,"5":1,"6":1},"f":{},"b":{},"_coverageSchema":"1a1c01bbd47fc00a2c39e90264f33305004495a9","hash":"f50d77b7cb3ebae6d1defe81cade47219e5722d5"}
,"C:\\Users\\Pinky Pamecha\\OneDrive\\Desktop\\qoura unicode\\routes\\questionRoutes.js": {"path":"C:\\Users\\Pinky Pamecha\\OneDrive\\Desktop\\qoura unicode\\routes\\questionRoutes.js","statementMap":{"0":{"start":{"line":3,"column":15},"end":{"line":3,"column":31}},"1":{"start":{"line":7,"column":0},"end":{"line":7,"column":89}},"2":{"start":{"line":8,"column":0},"end":{"line":8,"column":62}},"3":{"start":{"line":9,"column":0},"end":{"line":9,"column":65}},"4":{"start":{"line":10,"column":0},"end":{"line":10,"column":49}},"5":{"start":{"line":11,"column":0},"end":{"line":11,"column":40}}},"fnMap":{},"branchMap":{},"s":{"0":1,"1":1,"2":1,"3":1,"4":1,"5":1},"f":{},"b":{},"_coverageSchema":"1a1c01bbd47fc00a2c39e90264f33305004495a9","hash":"2252627de5715c5ebec0a77be8ff9675d29265e1"}
,"C:\\Users\\Pinky Pamecha\\OneDrive\\Desktop\\qoura unicode\\routes\\userRoutes.js": {"path":"C:\\Users\\Pinky Pamecha\\OneDrive\\Desktop\\qoura unicode\\routes\\userRoutes.js","statementMap":{"0":{"start":{"line":7,"column":15},"end":{"line":7,"column":31}},"1":{"start":{"line":9,"column":0},"end":{"line":9,"column":54}},"2":{"start":{"line":13,"column":0},"end":{"line":13,"column":35}},"3":{"start":{"line":15,"column":0},"end":{"line":15,"column":28}},"4":{"start":{"line":17,"column":0},"end":{"line":17,"column":56}},"5":{"start":{"line":19,"column":0},"end":{"line":19,"column":52}},"6":{"start":{"line":21,"column":0},"end":{"line":21,"column":58}},"7":{"start":{"line":23,"column":0},"end":{"line":23,"column":55}},"8":{"start":{"line":25,"column":0},"end":{"line":25,"column":53}},"9":{"start":{"line":27,"column":0},"end":{"line":27,"column":57}},"10":{"start":{"line":29,"column":0},"end":{"line":29,"column":57}},"11":{"start":{"line":31,"column":0},"end":{"line":31,"column":57}},"12":{"start":{"line":33,"column":0},"end":{"line":33,"column":127}}},"fnMap":{},"branchMap":{},"s":{"0":1,"1":1,"2":1,"3":1,"4":1,"5":1,"6":1,"7":1,"8":1,"9":1,"10":1,"11":1,"12":1},"f":{},"b":{},"_coverageSchema":"1a1c01bbd47fc00a2c39e90264f33305004495a9","hash":"6ae13a58592b691f1cfba52e9c4ae24dc159fbc4"}
,"C:\\Users\\Pinky Pamecha\\OneDrive\\Desktop\\qoura unicode\\utilities\\mail.js": {"path":"C:\\Users\\Pinky Pamecha\\OneDrive\\Desktop\\qoura unicode\\utilities\\mail.js","statementMap":{"0":{"start":{"line":37,"column":16},"end":{"line":64,"column":1}},"1":{"start":{"line":38,"column":2},"end":{"line":63,"column":3}},"2":{"start":{"line":39,"column":24},"end":{"line":39,"column":60}},"3":{"start":{"line":40,"column":24},"end":{"line":48,"column":6}},"4":{"start":{"line":50,"column":23},"end":{"line":55,"column":5}},"5":{"start":{"line":57,"column":17},"end":{"line":57,"column":55}}},"fnMap":{"0":{"name":"(anonymous_0)","decl":{"start":{"line":37,"column":16},"end":{"line":37,"column":17}},"loc":{"start":{"line":37,"column":59},"end":{"line":64,"column":1}},"line":37}},"branchMap":{},"s":{"0":1,"1":2,"2":2,"3":2,"4":2,"5":2},"f":{"0":2},"b":{},"_coverageSchema":"1a1c01bbd47fc00a2c39e90264f33305004495a9","hash":"f12aa85b4ef88d1af3eb80dfaa66519b2910d727"}
}
