TN:
SF:server.js
FN:29,(anonymous_0)
FN:34,(anonymous_1)
FN:38,(anonymous_2)
FNF:3
FNH:2
FNDA:0,(anonymous_0)
FNDA:1,(anonymous_1)
FNDA:1,(anonymous_2)
DA:10,1
DA:12,1
DA:14,1
DA:15,1
DA:16,1
DA:19,1
DA:20,1
DA:21,1
DA:22,1
DA:23,1
DA:25,1
DA:26,1
DA:27,1
DA:29,1
DA:30,0
DA:31,0
DA:34,1
DA:35,1
DA:38,1
DA:39,1
LF:20
LH:18
BRDA:15,0,0,1
BRDA:15,0,1,0
BRF:2
BRH:1
end_of_record
TN:
SF:config\dbConnection.js
FN:3,(anonymous_0)
FNF:1
FNH:1
FNDA:2,(anonymous_0)
DA:3,1
DA:4,2
DA:5,2
DA:6,2
DA:9,0
DA:10,0
LF:6
LH:4
BRF:0
BRH:0
end_of_record
TN:
SF:controllers\answerControllers.js
FN:10,(anonymous_0)
FN:29,(anonymous_1)
FN:53,(anonymous_2)
FN:64,(anonymous_3)
FN:84,(anonymous_4)
FN:105,(anonymous_5)
FN:117,(anonymous_6)
FN:121,(anonymous_7)
FN:133,(anonymous_8)
FN:146,(anonymous_9)
FN:149,(anonymous_10)
FNF:11
FNH:7
FNDA:1,(anonymous_0)
FNDA:0,(anonymous_1)
FNDA:1,(anonymous_2)
FNDA:1,(anonymous_3)
FNDA:1,(anonymous_4)
FNDA:1,(anonymous_5)
FNDA:0,(anonymous_6)
FNDA:0,(anonymous_7)
FNDA:1,(anonymous_8)
FNDA:0,(anonymous_9)
FNDA:1,(anonymous_10)
DA:6,1
DA:8,1
DA:10,1
DA:11,1
DA:12,1
DA:13,1
DA:14,1
DA:15,1
DA:16,0
DA:18,1
DA:19,1
DA:20,1
DA:21,1
DA:22,1
DA:23,1
DA:24,1
DA:26,0
DA:27,0
DA:28,0
DA:30,0
DA:33,0
DA:36,0
DA:42,0
DA:43,0
DA:44,0
DA:45,0
DA:48,0
DA:49,0
DA:53,1
DA:54,1
DA:55,1
DA:56,1
DA:57,1
DA:59,0
DA:60,0
DA:64,1
DA:65,1
DA:66,1
DA:67,1
DA:68,1
DA:70,1
DA:71,1
DA:72,1
DA:75,0
DA:79,0
DA:84,1
DA:85,1
DA:86,1
DA:87,1
DA:88,1
DA:89,0
DA:91,1
DA:92,1
DA:93,1
DA:95,0
DA:100,0
DA:105,1
DA:106,1
DA:107,1
DA:108,1
DA:109,1
DA:110,1
DA:111,0
DA:114,1
DA:116,1
DA:117,0
DA:119,1
DA:121,1
DA:124,1
DA:125,1
DA:126,1
DA:128,0
DA:133,1
DA:134,1
DA:135,1
DA:136,1
DA:137,1
DA:139,1
DA:140,0
DA:144,1
DA:145,1
DA:146,0
DA:148,1
DA:149,1
DA:152,1
DA:153,1
DA:155,0
LF:87
LH:61
BRDA:15,0,0,0
BRDA:15,0,1,1
BRDA:15,1,0,1
BRDA:15,1,1,1
BRDA:18,2,0,1
BRDA:18,2,1,0
BRDA:68,3,0,1
BRDA:68,3,1,0
BRDA:88,4,0,0
BRDA:88,4,1,1
BRDA:91,5,0,1
BRDA:91,5,1,0
BRDA:110,6,0,0
BRDA:110,6,1,1
BRDA:116,7,0,0
BRDA:116,7,1,1
BRDA:139,8,0,0
BRDA:139,8,1,1
BRDA:145,9,0,0
BRDA:145,9,1,1
BRF:20
BRH:11
end_of_record
TN:
SF:controllers\questionControllers.js
FN:4,(anonymous_0)
FN:29,(anonymous_1)
FN:48,(anonymous_2)
FN:63,(anonymous_3)
FN:71,(anonymous_4)
FN:81,(anonymous_5)
FN:86,(anonymous_6)
FNF:7
FNH:6
FNDA:3,(anonymous_0)
FNDA:2,(anonymous_1)
FNDA:1,(anonymous_2)
FNDA:1,(anonymous_3)
FNDA:28,(anonymous_4)
FNDA:1,(anonymous_5)
FNDA:0,(anonymous_6)
DA:4,1
DA:5,3
DA:6,3
DA:7,3
DA:8,3
DA:9,0
DA:11,3
DA:12,3
DA:13,3
DA:14,3
DA:18,0
DA:19,0
DA:20,0
DA:21,0
DA:22,0
DA:25,0
DA:26,0
DA:29,1
DA:30,2
DA:31,2
DA:32,2
DA:33,2
DA:34,0
DA:36,2
DA:37,1
DA:38,2
DA:39,1
DA:40,2
DA:41,2
DA:43,0
DA:44,0
DA:48,1
DA:49,1
DA:50,1
DA:51,1
DA:52,1
DA:53,0
DA:55,1
DA:56,1
DA:58,0
DA:59,0
DA:63,1
DA:64,1
DA:65,1
DA:66,1
DA:67,0
DA:69,1
DA:70,1
DA:71,1
DA:72,28
DA:74,1
DA:76,0
DA:77,0
DA:81,1
DA:82,1
DA:83,1
DA:84,1
DA:85,1
DA:86,1
DA:87,0
DA:89,1
DA:91,0
DA:92,0
LF:63
LH:43
BRDA:8,0,0,0
BRDA:8,0,1,3
BRDA:8,1,0,3
BRDA:8,1,1,3
BRDA:11,2,0,3
BRDA:11,2,1,0
BRDA:33,3,0,0
BRDA:33,3,1,2
BRDA:36,4,0,1
BRDA:36,4,1,1
BRDA:38,5,0,1
BRDA:38,5,1,1
BRDA:52,6,0,0
BRDA:52,6,1,1
BRDA:66,7,0,0
BRDA:66,7,1,1
BRF:16
BRH:11
end_of_record
TN:
SF:controllers\userControllers.js
FN:83,(anonymous_0)
FN:110,(anonymous_1)
FN:137,(anonymous_2)
FN:150,(anonymous_3)
FN:163,(anonymous_4)
FN:187,(anonymous_5)
FN:204,(anonymous_6)
FN:233,(anonymous_7)
FN:246,(anonymous_8)
FN:250,(anonymous_9)
FN:260,(anonymous_10)
FN:276,(anonymous_11)
FN:292,(anonymous_12)
FN:313,(anonymous_13)
FNF:14
FNH:13
FNDA:1,(anonymous_0)
FNDA:3,(anonymous_1)
FNDA:1,(anonymous_2)
FNDA:1,(anonymous_3)
FNDA:1,(anonymous_4)
FNDA:1,(anonymous_5)
FNDA:1,(anonymous_6)
FNDA:1,(anonymous_7)
FNDA:1,(anonymous_8)
FNDA:9,(anonymous_9)
FNDA:1,(anonymous_10)
FNDA:1,(anonymous_11)
FNDA:0,(anonymous_12)
FNDA:1,(anonymous_13)
DA:7,1
DA:9,1
DA:83,1
DA:84,1
DA:85,1
DA:87,1
DA:88,1
DA:89,0
DA:91,1
DA:92,0
DA:95,1
DA:96,1
DA:97,1
DA:99,1
DA:100,1
DA:101,1
DA:102,1
DA:105,0
DA:106,0
DA:110,1
DA:111,3
DA:112,3
DA:113,3
DA:115,3
DA:116,0
DA:119,3
DA:121,3
DA:122,0
DA:125,3
DA:129,3
DA:132,0
DA:133,0
DA:137,1
DA:138,1
DA:140,1
DA:141,1
DA:145,0
DA:146,0
DA:150,1
DA:151,1
DA:152,1
DA:153,1
DA:154,1
DA:158,0
DA:159,0
DA:163,1
DA:164,1
DA:165,1
DA:166,1
DA:167,0
DA:169,1
DA:170,1
DA:171,1
DA:172,0
DA:174,1
DA:175,1
DA:177,0
DA:179,1
DA:180,1
DA:182,0
DA:183,0
DA:187,1
DA:188,1
DA:189,1
DA:191,1
DA:193,1
DA:194,0
DA:197,1
DA:199,0
DA:200,0
DA:204,1
DA:205,1
DA:207,1
DA:209,1
DA:210,1
DA:211,0
DA:215,1
DA:217,1
DA:218,0
DA:221,1
DA:223,1
DA:225,1
DA:226,1
DA:228,1
DA:230,0
DA:233,1
DA:234,1
DA:235,1
DA:236,1
DA:237,1
DA:238,0
DA:239,0
DA:241,1
DA:242,1
DA:243,0
DA:245,1
DA:246,1
DA:249,1
DA:250,9
DA:253,1
DA:254,1
DA:256,1
DA:258,0
DA:260,1
DA:261,1
DA:262,1
DA:264,1
DA:266,1
DA:267,0
DA:268,0
DA:271,1
DA:273,0
DA:276,1
DA:277,1
DA:278,1
DA:280,1
DA:282,1
DA:283,0
DA:284,0
DA:287,1
DA:289,0
DA:292,1
DA:293,0
DA:294,0
DA:297,0
DA:298,0
DA:300,0
DA:301,0
DA:302,0
DA:303,0
DA:305,0
DA:308,0
DA:309,0
DA:313,1
DA:314,1
DA:315,1
DA:316,1
DA:317,1
DA:318,0
DA:320,1
DA:321,0
DA:323,1
DA:324,1
DA:325,1
DA:328,0
DA:329,0
LF:146
LH:98
BRDA:88,0,0,0
BRDA:88,0,1,1
BRDA:91,1,0,0
BRDA:91,1,1,1
BRDA:91,2,0,1
BRDA:91,2,1,1
BRDA:91,2,2,1
BRDA:95,3,0,1
BRDA:95,3,1,0
BRDA:115,4,0,0
BRDA:115,4,1,3
BRDA:121,5,0,0
BRDA:121,5,1,3
BRDA:166,6,0,0
BRDA:166,6,1,1
BRDA:171,7,0,0
BRDA:171,7,1,1
BRDA:174,8,0,1
BRDA:174,8,1,0
BRDA:174,9,0,1
BRDA:174,9,1,1
BRDA:193,10,0,0
BRDA:193,10,1,1
BRDA:210,11,0,0
BRDA:210,11,1,1
BRDA:217,12,0,0
BRDA:217,12,1,1
BRDA:237,13,0,0
BRDA:237,13,1,1
BRDA:242,14,0,0
BRDA:242,14,1,1
BRDA:266,15,0,0
BRDA:266,15,1,1
BRDA:282,16,0,0
BRDA:282,16,1,1
BRDA:297,17,0,0
BRDA:297,17,1,0
BRDA:300,18,0,0
BRDA:300,18,1,0
BRDA:317,19,0,0
BRDA:317,19,1,1
BRDA:320,20,0,0
BRDA:320,20,1,1
BRF:43
BRH:22
end_of_record
TN:
SF:middleware\authMiddleware.js
FN:3,(anonymous_0)
FN:9,(anonymous_1)
FNF:2
FNH:2
FNDA:22,(anonymous_0)
FNDA:22,(anonymous_1)
DA:3,1
DA:4,22
DA:6,22
DA:7,0
DA:9,22
DA:10,22
DA:11,1
DA:13,21
DA:14,21
LF:9
LH:8
BRDA:6,0,0,0
BRDA:6,0,1,22
BRDA:10,1,0,1
BRDA:10,1,1,21
BRF:4
BRH:3
end_of_record
TN:
SF:middleware\cloudinary.js
FNF:0
FNH:0
DA:3,1
DA:5,1
LF:2
LH:2
BRF:0
BRH:0
end_of_record
TN:
SF:middleware\premiumUsers.js
FN:2,(anonymous_0)
FNF:1
FNH:0
FNDA:0,(anonymous_0)
DA:2,1
DA:3,0
DA:4,0
DA:6,0
DA:7,0
DA:9,0
DA:10,0
DA:12,0
DA:15,0
DA:16,0
LF:10
LH:1
BRDA:6,0,0,0
BRDA:6,0,1,0
BRDA:9,1,0,0
BRDA:9,1,1,0
BRF:4
BRH:0
end_of_record
TN:
SF:middleware\valid.js
FN:8,(anonymous_0)
FN:11,(anonymous_1)
FN:19,(anonymous_2)
FN:37,(anonymous_3)
FN:45,(anonymous_4)
FNF:5
FNH:0
FNDA:0,(anonymous_0)
FNDA:0,(anonymous_1)
FNDA:0,(anonymous_2)
FNDA:0,(anonymous_3)
FNDA:0,(anonymous_4)
DA:5,1
DA:7,1
DA:9,0
DA:12,0
DA:13,0
DA:17,1
DA:20,0
DA:25,0
DA:27,0
DA:28,0
DA:36,1
DA:38,0
DA:39,0
DA:43,1
DA:46,0
DA:51,0
DA:53,0
DA:54,0
LF:18
LH:5
BRDA:20,0,0,0
BRDA:20,0,1,0
BRDA:21,1,0,0
BRDA:21,1,1,0
BRDA:46,2,0,0
BRDA:46,2,1,0
BRDA:47,3,0,0
BRDA:47,3,1,0
BRF:8
BRH:0
end_of_record
TN:
SF:model\answerModel.js
FNF:0
FNH:0
DA:3,1
DA:36,1
LF:2
LH:2
BRF:0
BRH:0
end_of_record
TN:
SF:model\questionModel.js
FNF:0
FNH:0
DA:3,1
DA:5,1
DA:28,1
LF:3
LH:3
BRF:0
BRH:0
end_of_record
TN:
SF:model\userModel.js
FNF:0
FNH:0
DA:22,1
DA:65,1
LF:2
LH:2
BRF:0
BRH:0
end_of_record
TN:
SF:routes\answerRoutes.js
FNF:0
FNH:0
DA:2,1
DA:9,1
DA:10,1
DA:11,1
DA:12,1
DA:13,1
DA:14,1
LF:7
LH:7
BRF:0
BRH:0
end_of_record
TN:
SF:routes\questionRoutes.js
FNF:0
FNH:0
DA:3,1
DA:7,1
DA:8,1
DA:9,1
DA:10,1
DA:11,1
LF:6
LH:6
BRF:0
BRH:0
end_of_record
TN:
SF:routes\userRoutes.js
FNF:0
FNH:0
DA:7,1
DA:9,1
DA:13,1
DA:15,1
DA:17,1
DA:19,1
DA:21,1
DA:23,1
DA:25,1
DA:27,1
DA:29,1
DA:31,1
DA:33,1
LF:13
LH:13
BRF:0
BRH:0
end_of_record
TN:
SF:utilities\mail.js
FN:37,(anonymous_0)
FNF:1
FNH:1
FNDA:2,(anonymous_0)
DA:37,1
DA:38,2
DA:39,2
DA:40,2
DA:50,2
DA:57,2
LF:6
LH:6
BRF:0
BRH:0
end_of_record
